-0.410892   -0.120678   0.052471
-0.410188   0.268504   -0.300108
0.197017   0.0395058   -0.301993
0.0658201   -0.356037   0.103042
-0.31135   0.479468   -0.364862
0.483516   0.0229082   -0.411174
-0.26847   0.00788117   0.207078
-0.242112   0.220487   0.434604
-0.335974   0.244099   -0.0489223
0.384845   -0.401166   -0.0878046
-0.284242   -0.484998   0.239962
-0.130789   0.456317   0.151301
-0.19817   -0.35189   0.396517
0.492618   0.437247   -0.132602
0.245725   0.133877   0.160414
-0.128061   0.138209   -0.381423
-0.357178   -0.471016   0.175948
-0.175058   -0.101919   -0.494215
-0.458346   -0.167861   0.131843
0.326504   0.4811   -0.332113
-0.181107   0.432649   0.224915
-0.362902   -0.186923   -0.158237
0.00734615   0.0343827   -0.482866
-0.241596   -0.176422   -0.22101
-0.318661   -0.0140132   0.400692
-0.498329   0.410134   0.290931
-0.0402564   -0.353802   -0.358664
-0.288531   -0.031685   0.307989
0.296071   -0.0803928   0.239986
0.44067   -0.18605   0.411099
-0.247335   0.192088   0.350828
-0.0947317   -0.0792888   0.0616865
-0.302729   -0.342789   -0.178203
-0.297318   0.280315   0.386693
0.183169   -0.150306   0.276018
0.186119   -0.313799   0.262193
-0.0210235   0.0292732   -0.267517
-0.370258   0.328094   0.1925
0.333231   0.156476   -0.493452
-0.277133   -0.355409   0.447034
-0.185687   0.353645   0.0294134
-0.402779   0.316457   -0.36214
-0.0934908   0.183443   -0.00875362
0.184682   -0.0747201   0.328341
-0.433316   0.188131   0.356663
-0.14821   -0.19629   0.255399
0.303124   -0.146067   -0.406898
-0.328399   0.426866   0.255722
0.158441   -0.0244405   -0.295332
0.465346   0.307066   0.318083
0.2236   -0.235296   0.241315
-0.419292   0.316018   0.322463
-0.292161   -0.419309   0.351516
-0.223823   -0.168625   -0.376895
0.193279   0.3011   -0.334721
0.0942958   0.428223   -0.0243114
-0.191595   -0.435002   0.108923
-0.116097   -0.0129018   -0.377336
-0.3251   0.481711   -0.249351
0.250123   0.191161   -0.224586
-0.386029   0.0243476   -0.0154657
-0.275974   -0.0309009   -0.409355
-0.34136   0.359569   0.39959
-0.0412767   0.350313   0.187603
-0.344416   -0.03038   0.210419
0.0267359   0.289799   0.188911
-0.49424   0.238505   0.33145
-0.388146   -0.261514   -0.359428
-0.495869   -0.190139   -0.0597544
0.213589   -0.13371   0.388175
0.0433409   0.324127   0.441213
-0.393556   -0.473373   0.344063
0.428853   -0.254927   0.00796796
-0.260882   0.187779   -0.0354079
0.27875   0.130699   0.387251
0.36643   0.18149   -0.105
0.286694   0.21799   0.390526
0.11884   -0.1275   0.404909
0.146601   -0.29865   0.164651
-0.314737   0.448105   0.326114
-0.272631   0.403676   0.182298
-0.114299   -0.190577   -0.39117
0.431137   0.420101   0.211948
-0.335691   -0.314062   0.479187
-0.428498   0.27312   0.251328
-0.152056   -0.310966   0.0403092
-0.295655   -0.37341   0.083787
-0.19448   0.186024   0.202118
-0.306153   0.0104673   -0.078886
-0.00239695   -0.492493   0.184195
0.207547   0.288746   0.0207249
0.189702   0.0338635   0.387635
0.0596327   0.0120418   0.371586
-0.392159   0.254277   0.482444
-0.35205   0.382133   0.00626478
0.299846   -0.361608   -0.256383
-0.172868   -0.0808482   0.119224
-0.373358   0.23304   0.390439
-0.0451107   -0.0698404   -0.364271
-0.0538288   -0.262255   -0.0561987
-0.471464   0.415276   -0.00448302
0.190068   0.435973   -0.153939
0.149559   -0.232099   0.280747
-0.444649   0.377295   0.222111
-0.40614   0.0836577   0.245866
0.0711899   -0.266336   0.300309
-0.190677   0.018667   -0.354173
0.129277   0.32677   0.210462
