1.92425   0.406337   -0.500895
0.0850165   -1.06197   0.514976
0.950704   -0.466529   2.29256
0.16825   -1.5398   -1.63446
-1.0006   -2.72685   0.0679784
-1.28498   -0.176624   -0.711775
-0.0182533   -1.92384   -0.3299
0.387053   -1.45032   0.110328
-0.330172   -0.419347   0.443974
1.4223   0.930819   2.48002
-0.863435   1.13267   -0.499843
0.102507   0.986186   -1.76067
0.428087   0.0412505   -2.08423
-1.13018   -0.269516   -1.05858
-2.00461   0.806055   1.34318
1.61425   -1.387   0.387339
-0.58127   -1.11392   2.00506
-0.548297   2.26173   -0.442566
0.175531   -0.952014   0.745069
-0.199354   -0.796751   -1.95168
1.35002   1.81776   -1.08557
0.888455   -0.741176   0.334743
-2.16556   1.28776   -1.43722
-0.805391   -1.42197   0.0716079
1.20628   0.0485663   1.09305
0.214368   1.47669   0.362347
-0.459685   -0.83558   -0.301076
0.0400917   0.994716   0.864686
-1.36497   -0.71889   -0.948013
-2.44026   1.08672   -1.51839
-2.10226   -0.395793   0.357639
-1.27857   -0.0984182   -0.383477
-0.402145   0.273691   0.570517
-0.531113   0.437263   1.57809
2.40604   -0.739388   -0.0155136
0.806579   -2.15837   -0.485616
1.21785   -0.7477   0.600504
1.10649   0.173886   1.14355
-0.614445   1.40341   -1.2445
1.46553   -0.614727   0.414804
-1.07414   1.42022   0.661543
1.37159   1.00426   0.803984
1.01351   0.308216   0.570283
-1.42691   -0.0752862   0.666011
0.321423   0.673648   0.805286
-0.13434   -2.56349   -0.480431
-1.16279   1.89034   -0.769722
-1.72219   2.26775   -0.150516
-1.1472   -0.130587   0.33782
-0.370045   0.273044   0.154425
-0.311425   -0.068561   -0.212093
-0.282118   -0.0704395   -0.0515084
2.79876   2.12315   0.144228
-1.09491   -0.0303399   -1.70738
0.300514   1.58422   -1.69827
1.53134   -1.65573   2.16002
-0.458561   -0.309618   0.389809
-1.7137   1.23571   -0.0230585
0.46568   -2.84909   -1.44976
-0.461951   -0.23342   1.21722
-1.3227   -2.13073   -0.866501
-0.280647   1.35548   0.096967
-0.306134   0.588644   -0.483838
0.278626   0.330896   0.445226
-0.439272   0.473048   0.906333
-1.20757   -0.921852   -0.157621
-2.33836   -1.31961   -1.05602
0.907311   -1.32819   -0.221553
1.11278   0.983307   0.186617
-1.00651   0.212819   -2.35103
1.03526   0.0894198   -1.62997
0.196318   -2.1795   -1.76756
0.539667   1.0821   -1.42596
-0.7161   0.689207   1.52272
0.554855   -0.157455   0.983018
-0.300552   -0.438698   0.600746
0.406629   -1.17716   -0.385321
-1.48386   1.34061   1.48776
-1.34633   1.36689   0.418454
0.852688   0.811652   1.82108
-0.318118   1.04843   -0.799417
-0.793202   0.0893451   -0.860825
1.56241   0.133453   0.95412
-2.56989   1.18974   -0.406134
-0.191476   -1.00622   0.746122
-0.0481118   -0.429098   -0.293668
1.33406   -0.0297616   0.962318
-0.221059   0.892569   0.272875
0.91949   -1.1731   -0.483101
-0.424647   1.16627   0.456775
2.26173   1.04154   -0.354678
1.71417   -0.382899   -0.143968
3.53222   -1.4649   -2.40933
-0.642741   0.115862   1.56063
-1.05896   -0.62232   -0.931532
-0.50522   0.967724   0.144877
0.678395   0.0417897   0.0069741
0.257325   1.64114   0.0036494
0.939026   0.877011   0.200183
1.12081   -2.52627   -0.318771
0.616771   0.384888   -0.174506
0.00740376   -0.125223   0.497388
-0.551216   0.798521   0.00263627
0.525465   -1.55089   0.963293
0.138408   -0.760693   0.688692
0.188663   0.105184   1.30716
1.9452   3.01019   0.424713
0.170359   -0.706156   -0.895966
