-0.327991   0.235374   -0.383824
0.346245   -0.0588223   -0.0837711
-0.193742   -0.0657089   -0.214397
0.433722   0.135321   0.0272389
0.379742   0.0811406   -0.422679
-0.393238   0.0282792   0.329857
-0.288635   0.00954539   0.413709
-0.177606   0.484816   0.0348137
0.341614   0.368348   -0.161936
-0.289448   0.260787   -0.4879
0.43359   0.39809   -0.151728
0.394174   -0.483811   -0.463274
0.18642   0.0801026   0.340921
0.417472   -0.202483   0.153548
0.187136   -0.194414   -0.0861797
0.00719556   0.489884   -0.182377
0.213234   -0.294653   0.280038
-0.380298   -0.0466721   -0.498741
0.424788   0.0925381   -0.325233
-0.195875   0.219375   -0.0849985
0.182775   -0.223306   0.00211207
0.115244   -0.0932782   -0.201503
-0.0254198   0.472344   -0.319307
0.256829   0.0243727   0.025026
0.187864   0.200853   -0.157785
0.292541   -0.432938   -0.031466
-0.384908   0.0184399   0.218219
-0.128275   0.0456108   0.0362029
-0.44596   -0.226987   0.172976
0.357248   0.0735579   -0.0132104
-0.481978   -0.451225   0.188306
-0.0441259   0.246657   0.366108
-0.437952   0.465342   -0.289743
0.367011   0.133843   0.496364
0.302473   0.19943   -0.346332
0.263783   0.109469   -0.0400297
-0.224333   -0.156184   0.277409
-0.191626   -0.449953   0.182256
0.17226   -0.410813   0.480523
0.2696   -0.183334   -0.416771
-0.264174   -0.479805   -0.131845
-0.467421   -0.155847   -0.39092
0.485462   0.189822   -0.230666
0.32274   -0.0893743   0.237595
-0.432043   -0.233184   0.300782
-0.338783   0.325636   -0.377066
-0.171025   -0.0336816   -0.307156
-0.135845   0.475082   -0.0565475
0.331546   -0.424824   -0.365125
0.407351   -0.132298   0.0510128
0.186043   -0.474451   -0.474014
-0.0402156   -0.488935   0.133103
0.145916   -0.258415   0.306712
-0.0831524   -0.0902356   0.465351
-0.420452   0.389788   -0.276259
0.358222   0.154578   0.0124282
0.247805   -0.182963   -0.0218238
0.193438   -0.406751   0.391272
-0.418732   -0.278405   0.362643
0.311688   0.271857   0.103334
0.0305736   0.479074   -0.37421
-0.396554   -0.365865   0.182927
-0.36764   0.247802   -0.451896
-0.000660658   -0.414875   0.0826383
-0.000617377   -0.123956   0.498218
0.0740336   -0.461748   0.161496
0.109975   0.344433   -0.353435
0.0600641   0.148055   -0.142568
0.162545   0.417445   -0.245657
0.433299   -0.0123243   -0.242529
0.113327   -0.228817   0.0921494
-0.105015   -0.162735   -0.498232
0.131102   0.448801   -0.372487
-0.315721   -0.00179865   0.246199
0.232662   0.260756   0.0730012
0.145436   0.34332   0.414731
-0.48096   -0.349898   -0.432525
-0.368358   -0.0524327   -0.228782
0.479231   0.396329   -0.349785
0.359378   -0.294103   0.000144027
-0.303066   -0.0620357   -0.127663
-0.113322   0.452065   -0.189372
0.23767   -0.264472   -0.234114
0.422974   0.221805   -0.0840929
0.473139   0.164022   -0.328209
-0.0429995   -0.224189   -0.30158
0.170117   -0.2501   -0.187641
-0.079295   -0.108738   0.256997
-0.0748091   0.251015   0.28401
-0.460003   -0.384304   0.475412
0.445947   0.018192   -0.369511
0.229354   -0.387374   0.299126
0.103965   0.2686   0.389617
-0.0330066   -0.403626   -0.22397
-0.302046   0.193548   0.405316
-0.117781   0.187795   -0.483968
0.195481   0.407234   0.433268
-0.235438   -0.183724   -0.00775381
-0.0722972   -0.223193   -0.107747
-0.196362   0.379253   0.0483859
-0.081105   -0.315365   -0.279321
-0.103438   0.0346319   -0.331432
-0.0120457   0.0722768   0.18536
0.268869   -0.112385   0.462396
0.122217   0.358035   0.498676
-0.396724   -0.0602118   -0.138565
-0.39867   0.229712   0.170592
0.336165   -0.177153   0.16893
